*** Using Compiler 'V5.06 update 7 (build 960)', folder: 'D:\programs\Keil_v5\ARM\ARMCC\Bin'
Build target 'GD32F4XX'
compiling main.c...
"no source": Error:  #5: cannot open source input file "..\src\main.c": No such file or directory
..\src\main.c: 0 warnings, 1 error
compiling gauss_newton.c...
"no source": Error:  #5: cannot open source input file "..\src\gauss_newton.c": No such file or directory
..\src\gauss_newton.c: 0 warnings, 1 error
compiling gd32f4xx_it.c...
"no source": Error:  #5: cannot open source input file "..\src\gd32f4xx_it.c": No such file or directory
..\src\gd32f4xx_it.c: 0 warnings, 1 error
compiling task_dac.c...
"no source": Error:  #5: cannot open source input file "..\src\task_dac.c": No such file or directory
..\src\task_dac.c: 0 warnings, 1 error
compiling spline_intp.c...
"no source": Error:  #5: cannot open source input file "..\src\spline_intp.c": No such file or directory
..\src\spline_intp.c: 0 warnings, 1 error
compiling task_flash.c...
"no source": Error:  #5: cannot open source input file "..\src\task_flash.c": No such file or directory
..\src\task_flash.c: 0 warnings, 1 error
compiling matrix.c...
"no source": Error:  #5: cannot open source input file "..\src\matrix.c": No such file or directory
..\src\matrix.c: 0 warnings, 1 error
compiling task.c...
"no source": Error:  #5: cannot open source input file "..\src\task.c": No such file or directory
..\src\task.c: 0 warnings, 1 error
compiling task_led.c...
"no source": Error:  #5: cannot open source input file "..\src\task_led.c": No such file or directory
..\src\task_led.c: 0 warnings, 1 error
compiling task_meas.c...
"no source": Error:  #5: cannot open source input file "..\src\task_meas.c": No such file or directory
..\src\task_meas.c: 0 warnings, 1 error
compiling task_oled.c...
"no source": Error:  #5: cannot open source input file "..\src\task_oled.c": No such file or directory
..\src\task_oled.c: 0 warnings, 1 error
compiling task_short.c...
"no source": Error:  #5: cannot open source input file "..\src\task_short.c": No such file or directory
..\src\task_short.c: 0 warnings, 1 error
compiling modbus.c...
"no source": Error:  #5: cannot open source input file "..\src\modbus.c": No such file or directory
..\src\modbus.c: 0 warnings, 1 error
compiling task_output.c...
"no source": Error:  #5: cannot open source input file "..\src\task_output.c": No such file or directory
..\src\task_output.c: 0 warnings, 1 error
compiling system_gd32f4xx.c...
compiling gd32f4xx_dbg.c...
compiling gd32f4xx_rtc.c...
compiling gd32f4xx_dci.c...
compiling gd32f4xx_gpio.c...
compiling gd32f4xx_dma.c...
compiling gd32f4xx_exti.c...
compiling gd32f4xx_rcu.c...
compiling gd32f4xx_trng.c...
compiling gd32f4xx_adc.c...
compiling gd32f4xx_can.c...
compiling gd32f4xx_crc.c...
compiling gd32f4xx_ctc.c...
compiling gd32f4xx_dac.c...
compiling gd32f4xx_exmc.c...
compiling gd32f4xx_enet.c...
compiling gd32f4xx_fmc.c...
compiling gd32f4xx_fwdgt.c...
compiling gd32f4xx_i2c.c...
compiling gd32f4xx_ipa.c...
compiling gd32f4xx_iref.c...
compiling gd32f4xx_misc.c...
compiling gd32f4xx_pmu.c...
compiling gd32f4xx_sdio.c...
compiling gd32f4xx_spi.c...
assembling startup_gd32f405_425.s...
compiling gd32f4xx_syscfg.c...
compiling systick.c...
"no source": Error:  #5: cannot open source input file "..\..\Utilities\src\systick.c": No such file or directory
..\..\Utilities\src\systick.c: 0 warnings, 1 error
compiling gd32f4xx_tli.c...
compiling user_uart.c...
"no source": Error:  #5: cannot open source input file "..\..\Utilities\src\user_uart.c": No such file or directory
..\..\Utilities\src\user_uart.c: 0 warnings, 1 error
compiling gd32f4xx_wwdgt.c...
compiling gd32f4xx_usart.c...
compiling gd32f4xx_timer.c...
compiling user_flash.c...
"no source": Error:  #5: cannot open source input file "..\..\Utilities\src\user_flash.c": No such file or directory
..\..\Utilities\src\user_flash.c: 0 warnings, 1 error
compiling user_gpio.c...
"no source": Error:  #5: cannot open source input file "..\..\Utilities\src\user_gpio.c": No such file or directory
..\..\Utilities\src\user_gpio.c: 0 warnings, 1 error
compiling user_spi.c...
"no source": Error:  #5: cannot open source input file "..\..\Utilities\src\user_spi.c": No such file or directory
..\..\Utilities\src\user_spi.c: 0 warnings, 1 error
compiling user_timer.c...
"no source": Error:  #5: cannot open source input file "..\..\Utilities\src\user_timer.c": No such file or directory
..\..\Utilities\src\user_timer.c: 0 warnings, 1 error
compiling ms1005.c...
"no source": Error:  #5: cannot open source input file "..\..\Utilities\src\ms1005.c": No such file or directory
..\..\Utilities\src\ms1005.c: 0 warnings, 1 error
compiling oled.c...
"no source": Error:  #5: cannot open source input file "..\..\Utilities\src\oled.c": No such file or directory
..\..\Utilities\src\oled.c: 0 warnings, 1 error
".\output\Project.axf" - 22 Error(s), 0 Warning(s).
Target not created.
Build Time Elapsed:  00:00:08
