*** Using Compiler 'V6.21', folder: 'D:\programs\Keil_v5\ARM\ARMCLANG\Bin'
Build target 'GD32F4XX'
compiling gd32f4xx_it.c...
compiling system_gd32f4xx.c...
compiling main.c...
compiling systick.c...
compiling gd32f4xx_adc.c...
compiling test.c...
compiling gd32f4xx_crc.c...
compiling gd32f4xx_can.c...
compiling gd32f4xx_ctc.c...
compiling gd32f4xx_dbg.c...
compiling gd32f4xx_dac.c...
compiling gd32f4xx_dci.c...
compiling gd32f4xx_dma.c...
compiling gd32f4xx_exti.c...
compiling gd32f4xx_exmc.c...
compiling gd32f4xx_fwdgt.c...
compiling gd32f4xx_fmc.c...
compiling gd32f4xx_gpio.c...
compiling gd32f4xx_enet.c...
compiling gd32f4xx_i2c.c...
compiling gd32f4xx_ipa.c...
compiling gd32f4xx_iref.c...
compiling gd32f4xx_misc.c...
compiling gd32f4xx_pmu.c...
compiling gd32f4xx_sdio.c...
compiling gd32f4xx_rcu.c...
compiling gd32f4xx_spi.c...
compiling gd32f4xx_syscfg.c...
compiling gd32f4xx_rtc.c...
compiling gd32f4xx_tli.c...
compiling gd32f4xx_trng.c...
compiling gd32f4xx_timer.c...
compiling gd32f4xx_wwdgt.c...
compiling gd32f4xx_usart.c...
compiling user_gpio.c...
compiling user_uart.c...
linking...
Program Size: Code=4844 RO-data=480 RW-data=12 ZI-data=9308  
FromELF: creating hex file...
".\OutPut\APP.axf" - 0 Error(s), 0 Warning(s).
Build Time Elapsed:  00:00:07
